time=2025-10-28T07:18:20.783-06:00 level=INFO msg="Existing database detected, running migrations"
time=2025-10-28T07:18:20.783-06:00 level=INFO msg="Ensuring all required tables and indexes exist"
time=2025-10-28T07:18:20.784-06:00 level=INFO msg="Database initialized successfully"
2025/10/28 07:18:20 Starting Vitrari server on port 9995
2025/10/28 07:18:20 Open http://localhost:9995 in your browser
time=2025-10-28T07:19:21.042-06:00 level=INFO msg="HTTP Request" method=GET path=/api/projects query="tree=true" ip=[::1] user_agent=curl/8.7.1 user_id=0
time=2025-10-28T07:19:21.042-06:00 level=INFO msg="Authentication failed" error="invalid or expired token" path=/api/projects ip=[::1]
time=2025-10-28T07:19:21.042-06:00 level=INFO msg="HTTP Response" method=GET path=/api/projects status=401 duration=212.667µs user_id=0
time=2025-10-28T07:19:26.373-06:00 level=INFO msg="HTTP Request" method=GET path=/test_project_tree.html query="" ip=[::1] user_agent="Mozilla/5.0 (Macintosh; Intel Mac OS X 10_15_7) AppleWebKit/537.36 (KHTML, like Gecko) Chrome/141.0.0.0 Safari/537.36" user_id=0
time=2025-10-28T07:19:26.373-06:00 level=INFO msg="HTTP Response" method=GET path=/test_project_tree.html status=404 duration=719.333µs user_id=0
SIGFPE: floating-point exception
PC=0x191d293cc m=0 sigcode=0
instruction bytes: 0x3 0x1 0x0 0x54 0x7f 0x23 0x3 0xd5 0xfd 0x7b 0xbf 0xa9 0xfd 0x3 0x0 0x91

goroutine 0 gp=0x1049b41e0 m=0 mp=0x1049b4a20 [idle]:
runtime.pthread_cond_wait(0x1049b4f78, 0x1049b4f38)
	/opt/homebrew/Cellar/go/1.24.1/libexec/src/runtime/sys_darwin.go:547 +0x20 fp=0x16bdae3e0 sp=0x16bdae3b0 pc=0x1040adb60
runtime.semasleep(0xffffffffffffffff)
	/opt/homebrew/Cellar/go/1.24.1/libexec/src/runtime/os_darwin.go:72 +0x84 fp=0x16bdae440 sp=0x16bdae3e0 pc=0x104089484
runtime.notesleep(0x1049b4b60)
	/opt/homebrew/Cellar/go/1.24.1/libexec/src/runtime/lock_sema.go:62 +0xb8 fp=0x16bdae480 sp=0x16bdae440 pc=0x104064f78
runtime.mPark(...)
	/opt/homebrew/Cellar/go/1.24.1/libexec/src/runtime/proc.go:1887
runtime.stopm()
	/opt/homebrew/Cellar/go/1.24.1/libexec/src/runtime/proc.go:2907 +0x84 fp=0x16bdae4b0 sp=0x16bdae480 pc=0x104094124
runtime.findRunnable()
	/opt/homebrew/Cellar/go/1.24.1/libexec/src/runtime/proc.go:3644 +0x1040 fp=0x16bdae620 sp=0x16bdae4b0 pc=0x104095f60
runtime.schedule()
	/opt/homebrew/Cellar/go/1.24.1/libexec/src/runtime/proc.go:4017 +0x94 fp=0x16bdae660 sp=0x16bdae620 pc=0x1040973e4
runtime.park_m(0x140001a6000)
	/opt/homebrew/Cellar/go/1.24.1/libexec/src/runtime/proc.go:4141 +0x2b0 fp=0x16bdae6c0 sp=0x16bdae660 pc=0x1040978e0
runtime.mcall()
	/opt/homebrew/Cellar/go/1.24.1/libexec/src/runtime/asm_arm64.s:193 +0x54 fp=0x16bdae6d0 sp=0x16bdae6c0 pc=0x1040c7264

goroutine 1 gp=0x140000021c0 m=nil [IO wait]:
runtime.gopark(0x0?, 0x0?, 0x0?, 0x0?, 0x0?)
	/opt/homebrew/Cellar/go/1.24.1/libexec/src/runtime/proc.go:435 +0xc8 fp=0x1400003b970 sp=0x1400003b950 pc=0x1040c1a98
runtime.netpollblock(0x1400003ba08?, 0x4138c20?, 0x1?)
	/opt/homebrew/Cellar/go/1.24.1/libexec/src/runtime/netpoll.go:575 +0x158 fp=0x1400003b9b0 sp=0x1400003b970 pc=0x104088668
internal/poll.runtime_pollWait(0x104d4fa50, 0x72)
	/opt/homebrew/Cellar/go/1.24.1/libexec/src/runtime/netpoll.go:351 +0xa0 fp=0x1400003b9e0 sp=0x1400003b9b0 pc=0x1040c0c50
internal/poll.(*pollDesc).wait(0x1400016a880?, 0x10406aa4c?, 0x0)
	/opt/homebrew/Cellar/go/1.24.1/libexec/src/internal/poll/fd_poll_runtime.go:84 +0x28 fp=0x1400003ba10 sp=0x1400003b9e0 pc=0x104134438
internal/poll.(*pollDesc).waitRead(...)
	/opt/homebrew/Cellar/go/1.24.1/libexec/src/internal/poll/fd_poll_runtime.go:89
internal/poll.(*FD).Accept(0x1400016a880)
	/opt/homebrew/Cellar/go/1.24.1/libexec/src/internal/poll/fd_unix.go:620 +0x24c fp=0x1400003bac0 sp=0x1400003ba10 pc=0x104138d0c
net.(*netFD).accept(0x1400016a880)
	/opt/homebrew/Cellar/go/1.24.1/libexec/src/net/fd_unix.go:172 +0x28 fp=0x1400003bb80 sp=0x1400003bac0 pc=0x1041f9f98
net.(*TCPListener).accept(0x1400015f940)
	/opt/homebrew/Cellar/go/1.24.1/libexec/src/net/tcpsock_posix.go:159 +0x24 fp=0x1400003bbd0 sp=0x1400003bb80 pc=0x10420c3b4
net.(*TCPListener).Accept(0x1400015f940)
	/opt/homebrew/Cellar/go/1.24.1/libexec/src/net/tcpsock.go:380 +0x2c fp=0x1400003bc10 sp=0x1400003bbd0 pc=0x10420b69c
net/http.(*onceCloseListener).Accept(0x140001a2000?)
	<autogenerated>:1 +0x30 fp=0x1400003bc30 sp=0x1400003bc10 pc=0x104305560
net/http.(*Server).Serve(0x14000242800, {0x1046b2918, 0x1400015f940})
	/opt/homebrew/Cellar/go/1.24.1/libexec/src/net/http/server.go:3424 +0x290 fp=0x1400003bd60 sp=0x1400003bc30 pc=0x1042f23b0
net/http.(*Server).ListenAndServe(0x14000242800)
	/opt/homebrew/Cellar/go/1.24.1/libexec/src/net/http/server.go:3350 +0x84 fp=0x1400003bd90 sp=0x1400003bd60 pc=0x1042f2014
net/http.ListenAndServe(...)
	/opt/homebrew/Cellar/go/1.24.1/libexec/src/net/http/server.go:3659
main.main()
	/Users/guzma/Documents/Projects/glass-optimizer/main.go:153 +0x14ac fp=0x1400003bf40 sp=0x1400003bd90 pc=0x1043a94fc
runtime.main()
	/opt/homebrew/Cellar/go/1.24.1/libexec/src/runtime/proc.go:283 +0x284 fp=0x1400003bfd0 sp=0x1400003bf40 pc=0x10408ef74
runtime.goexit({})
	/opt/homebrew/Cellar/go/1.24.1/libexec/src/runtime/asm_arm64.s:1223 +0x4 fp=0x1400003bfd0 sp=0x1400003bfd0 pc=0x1040c97d4

goroutine 2 gp=0x14000002c40 m=nil [force gc (idle)]:
runtime.gopark(0x0?, 0x0?, 0x0?, 0x0?, 0x0?)
	/opt/homebrew/Cellar/go/1.24.1/libexec/src/runtime/proc.go:435 +0xc8 fp=0x14000064f90 sp=0x14000064f70 pc=0x1040c1a98
runtime.goparkunlock(...)
	/opt/homebrew/Cellar/go/1.24.1/libexec/src/runtime/proc.go:441
runtime.forcegchelper()
	/opt/homebrew/Cellar/go/1.24.1/libexec/src/runtime/proc.go:348 +0xb8 fp=0x14000064fd0 sp=0x14000064f90 pc=0x10408f2c8
runtime.goexit({})
	/opt/homebrew/Cellar/go/1.24.1/libexec/src/runtime/asm_arm64.s:1223 +0x4 fp=0x14000064fd0 sp=0x14000064fd0 pc=0x1040c97d4
created by runtime.init.7 in goroutine 1
	/opt/homebrew/Cellar/go/1.24.1/libexec/src/runtime/proc.go:336 +0x24

goroutine 3 gp=0x14000003180 m=nil [GC sweep wait]:
runtime.gopark(0x0?, 0x0?, 0x0?, 0x0?, 0x0?)
	/opt/homebrew/Cellar/go/1.24.1/libexec/src/runtime/proc.go:435 +0xc8 fp=0x14000065760 sp=0x14000065740 pc=0x1040c1a98
runtime.goparkunlock(...)
	/opt/homebrew/Cellar/go/1.24.1/libexec/src/runtime/proc.go:441
runtime.bgsweep(0x14000090000)
	/opt/homebrew/Cellar/go/1.24.1/libexec/src/runtime/mgcsweep.go:276 +0xa0 fp=0x140000657b0 sp=0x14000065760 pc=0x10407a5a0
runtime.gcenable.gowrap1()
	/opt/homebrew/Cellar/go/1.24.1/libexec/src/runtime/mgc.go:204 +0x28 fp=0x140000657d0 sp=0x140000657b0 pc=0x10406e418
runtime.goexit({})
	/opt/homebrew/Cellar/go/1.24.1/libexec/src/runtime/asm_arm64.s:1223 +0x4 fp=0x140000657d0 sp=0x140000657d0 pc=0x1040c97d4
created by runtime.gcenable in goroutine 1
	/opt/homebrew/Cellar/go/1.24.1/libexec/src/runtime/mgc.go:204 +0x6c

goroutine 4 gp=0x14000003340 m=nil [GC scavenge wait]:
runtime.gopark(0x14000090000?, 0x1045bc948?, 0x1?, 0x0?, 0x14000003340?)
	/opt/homebrew/Cellar/go/1.24.1/libexec/src/runtime/proc.go:435 +0xc8 fp=0x14000065f60 sp=0x14000065f40 pc=0x1040c1a98
runtime.goparkunlock(...)
	/opt/homebrew/Cellar/go/1.24.1/libexec/src/runtime/proc.go:441
runtime.(*scavengerState).park(0x1049b3f00)
	/opt/homebrew/Cellar/go/1.24.1/libexec/src/runtime/mgcscavenge.go:425 +0x5c fp=0x14000065f90 sp=0x14000065f60 pc=0x1040780ac
runtime.bgscavenge(0x14000090000)
	/opt/homebrew/Cellar/go/1.24.1/libexec/src/runtime/mgcscavenge.go:653 +0x44 fp=0x14000065fb0 sp=0x14000065f90 pc=0x1040785e4
runtime.gcenable.gowrap2()
	/opt/homebrew/Cellar/go/1.24.1/libexec/src/runtime/mgc.go:205 +0x28 fp=0x14000065fd0 sp=0x14000065fb0 pc=0x10406e3b8
runtime.goexit({})
	/opt/homebrew/Cellar/go/1.24.1/libexec/src/runtime/asm_arm64.s:1223 +0x4 fp=0x14000065fd0 sp=0x14000065fd0 pc=0x1040c97d4
created by runtime.gcenable in goroutine 1
	/opt/homebrew/Cellar/go/1.24.1/libexec/src/runtime/mgc.go:205 +0xac

goroutine 18 gp=0x14000102700 m=nil [finalizer wait]:
runtime.gopark(0x8?, 0x104617c40?, 0x1?, 0x45?, 0x1040db7c4?)
	/opt/homebrew/Cellar/go/1.24.1/libexec/src/runtime/proc.go:435 +0xc8 fp=0x14000064590 sp=0x14000064570 pc=0x1040c1a98
runtime.runfinq()
	/opt/homebrew/Cellar/go/1.24.1/libexec/src/runtime/mfinal.go:196 +0x108 fp=0x140000647d0 sp=0x14000064590 pc=0x10406d418
runtime.goexit({})
	/opt/homebrew/Cellar/go/1.24.1/libexec/src/runtime/asm_arm64.s:1223 +0x4 fp=0x140000647d0 sp=0x140000647d0 pc=0x1040c97d4
created by runtime.createfing in goroutine 1
	/opt/homebrew/Cellar/go/1.24.1/libexec/src/runtime/mfinal.go:166 +0x80

goroutine 19 gp=0x140001028c0 m=nil [chan receive]:
runtime.gopark(0x0?, 0x0?, 0x0?, 0x0?, 0x0?)
	/opt/homebrew/Cellar/go/1.24.1/libexec/src/runtime/proc.go:435 +0xc8 fp=0x140000606f0 sp=0x140000606d0 pc=0x1040c1a98
runtime.chanrecv(0x140001100e0, 0x0, 0x1)
	/opt/homebrew/Cellar/go/1.24.1/libexec/src/runtime/chan.go:664 +0x42c fp=0x14000060770 sp=0x140000606f0 pc=0x1040602cc
runtime.chanrecv1(0x0?, 0x0?)
	/opt/homebrew/Cellar/go/1.24.1/libexec/src/runtime/chan.go:506 +0x14 fp=0x140000607a0 sp=0x14000060770 pc=0x10405fe94
runtime.unique_runtime_registerUniqueMapCleanup.func2(...)
	/opt/homebrew/Cellar/go/1.24.1/libexec/src/runtime/mgc.go:1796
runtime.unique_runtime_registerUniqueMapCleanup.gowrap1()
	/opt/homebrew/Cellar/go/1.24.1/libexec/src/runtime/mgc.go:1799 +0x3c fp=0x140000607d0 sp=0x140000607a0 pc=0x10407163c
runtime.goexit({})
	/opt/homebrew/Cellar/go/1.24.1/libexec/src/runtime/asm_arm64.s:1223 +0x4 fp=0x140000607d0 sp=0x140000607d0 pc=0x1040c97d4
created by unique.runtime_registerUniqueMapCleanup in goroutine 1
	/opt/homebrew/Cellar/go/1.24.1/libexec/src/runtime/mgc.go:1794 +0x78

goroutine 20 gp=0x14000102a80 m=nil [select]:
runtime.gopark(0x14000060f78?, 0x2?, 0x78?, 0x4a?, 0x14000060f74?)
	/opt/homebrew/Cellar/go/1.24.1/libexec/src/runtime/proc.go:435 +0xc8 fp=0x14000194e00 sp=0x14000194de0 pc=0x1040c1a98
runtime.selectgo(0x14000194f78, 0x14000060f70, 0x0?, 0x0, 0x0?, 0x1)
	/opt/homebrew/Cellar/go/1.24.1/libexec/src/runtime/select.go:351 +0x6c4 fp=0x14000194f30 sp=0x14000194e00 pc=0x1040a2524
database/sql.(*DB).connectionOpener(0x14000137c70, {0x1046b2d88, 0x1400016e0f0})
	/opt/homebrew/Cellar/go/1.24.1/libexec/src/database/sql/sql.go:1261 +0x80 fp=0x14000194fa0 sp=0x14000194f30 pc=0x1043101d0
database/sql.OpenDB.gowrap1()
	/opt/homebrew/Cellar/go/1.24.1/libexec/src/database/sql/sql.go:841 +0x30 fp=0x14000194fd0 sp=0x14000194fa0 pc=0x10430e430
runtime.goexit({})
	/opt/homebrew/Cellar/go/1.24.1/libexec/src/runtime/asm_arm64.s:1223 +0x4 fp=0x14000194fd0 sp=0x14000194fd0 pc=0x1040c97d4
created by database/sql.OpenDB in goroutine 1
	/opt/homebrew/Cellar/go/1.24.1/libexec/src/database/sql/sql.go:841 +0x124

goroutine 23 gp=0x14000102c40 m=nil [IO wait]:
runtime.gopark(0xffffffffffffffff?, 0xffffffffffffffff?, 0x23?, 0x0?, 0x104118dd0?)
	/opt/homebrew/Cellar/go/1.24.1/libexec/src/runtime/proc.go:435 +0xc8 fp=0x140002058e0 sp=0x140002058c0 pc=0x1040c1a98
runtime.netpollblock(0x0?, 0x0?, 0x0?)
	/opt/homebrew/Cellar/go/1.24.1/libexec/src/runtime/netpoll.go:575 +0x158 fp=0x14000205920 sp=0x140002058e0 pc=0x104088668
internal/poll.runtime_pollWait(0x104d4f938, 0x72)
	/opt/homebrew/Cellar/go/1.24.1/libexec/src/runtime/netpoll.go:351 +0xa0 fp=0x14000205950 sp=0x14000205920 pc=0x1040c0c50
internal/poll.(*pollDesc).wait(0x1400016aa80?, 0x14000297000?, 0x0)
	/opt/homebrew/Cellar/go/1.24.1/libexec/src/internal/poll/fd_poll_runtime.go:84 +0x28 fp=0x14000205980 sp=0x14000205950 pc=0x104134438
internal/poll.(*pollDesc).waitRead(...)
	/opt/homebrew/Cellar/go/1.24.1/libexec/src/internal/poll/fd_poll_runtime.go:89
internal/poll.(*FD).Read(0x1400016aa80, {0x14000297000, 0x1000, 0x1000})
	/opt/homebrew/Cellar/go/1.24.1/libexec/src/internal/poll/fd_unix.go:165 +0x1fc fp=0x14000205a20 sp=0x14000205980 pc=0x1041356ec
net.(*netFD).Read(0x1400016aa80, {0x14000297000?, 0x14000205ab8?, 0x1042e830c?})
	/opt/homebrew/Cellar/go/1.24.1/libexec/src/net/fd_posix.go:55 +0x28 fp=0x14000205a70 sp=0x14000205a20 pc=0x1041f8568
net.(*conn).Read(0x1400011c4b0, {0x14000297000?, 0x72?, 0x0?})
	/opt/homebrew/Cellar/go/1.24.1/libexec/src/net/net.go:194 +0x34 fp=0x14000205ac0 sp=0x14000205a70 pc=0x104203bf4
net/http.(*connReader).Read(0x14000332600, {0x14000297000, 0x1000, 0x1000})
	/opt/homebrew/Cellar/go/1.24.1/libexec/src/net/http/server.go:798 +0x234 fp=0x14000205b20 sp=0x14000205ac0 pc=0x1042e8514
bufio.(*Reader).fill(0x14000135d40)
	/opt/homebrew/Cellar/go/1.24.1/libexec/src/bufio/bufio.go:113 +0xf8 fp=0x14000205b60 sp=0x14000205b20 pc=0x104290638
bufio.(*Reader).Peek(0x14000135d40, 0x4)
	/opt/homebrew/Cellar/go/1.24.1/libexec/src/bufio/bufio.go:152 +0x60 fp=0x14000205b80 sp=0x14000205b60 pc=0x1042907a0
net/http.(*conn).serve(0x14000162510, {0x1046b2d50, 0x14000332030})
	/opt/homebrew/Cellar/go/1.24.1/libexec/src/net/http/server.go:2137 +0x664 fp=0x14000205fa0 sp=0x14000205b80 pc=0x1042ed6b4
net/http.(*Server).Serve.gowrap3()
	/opt/homebrew/Cellar/go/1.24.1/libexec/src/net/http/server.go:3454 +0x30 fp=0x14000205fd0 sp=0x14000205fa0 pc=0x1042f2740
runtime.goexit({})
	/opt/homebrew/Cellar/go/1.24.1/libexec/src/runtime/asm_arm64.s:1223 +0x4 fp=0x14000205fd0 sp=0x14000205fd0 pc=0x1040c97d4
created by net/http.(*Server).Serve in goroutine 1
	/opt/homebrew/Cellar/go/1.24.1/libexec/src/net/http/server.go:3454 +0x3d8

goroutine 34 gp=0x140001a6000 m=nil [IO wait]:
runtime.gopark(0xffffffffffffffff?, 0xffffffffffffffff?, 0x23?, 0x0?, 0x104118dd0?)
	/opt/homebrew/Cellar/go/1.24.1/libexec/src/runtime/proc.go:435 +0xc8 fp=0x14000195480 sp=0x14000195460 pc=0x1040c1a98
runtime.netpollblock(0x0?, 0x0?, 0x0?)
	/opt/homebrew/Cellar/go/1.24.1/libexec/src/runtime/netpoll.go:575 +0x158 fp=0x140001954c0 sp=0x14000195480 pc=0x104088668
internal/poll.runtime_pollWait(0x104d4f820, 0x72)
	/opt/homebrew/Cellar/go/1.24.1/libexec/src/runtime/netpoll.go:351 +0xa0 fp=0x140001954f0 sp=0x140001954c0 pc=0x1040c0c50
internal/poll.(*pollDesc).wait(0x1400019c000?, 0x140001ae000?, 0x0)
	/opt/homebrew/Cellar/go/1.24.1/libexec/src/internal/poll/fd_poll_runtime.go:84 +0x28 fp=0x14000195520 sp=0x140001954f0 pc=0x104134438
internal/poll.(*pollDesc).waitRead(...)
	/opt/homebrew/Cellar/go/1.24.1/libexec/src/internal/poll/fd_poll_runtime.go:89
internal/poll.(*FD).Read(0x1400019c000, {0x140001ae000, 0x1000, 0x1000})
	/opt/homebrew/Cellar/go/1.24.1/libexec/src/internal/poll/fd_unix.go:165 +0x1fc fp=0x140001955c0 sp=0x14000195520 pc=0x1041356ec
net.(*netFD).Read(0x1400019c000, {0x140001ae000?, 0x14000195658?, 0x1042e830c?})
	/opt/homebrew/Cellar/go/1.24.1/libexec/src/net/fd_posix.go:55 +0x28 fp=0x14000195610 sp=0x140001955c0 pc=0x1041f8568
net.(*conn).Read(0x140001a0000, {0x140001ae000?, 0x140001956a8?, 0x10406aa4c?})
	/opt/homebrew/Cellar/go/1.24.1/libexec/src/net/net.go:194 +0x34 fp=0x14000195660 sp=0x14000195610 pc=0x104203bf4
net/http.(*connReader).Read(0x1400019e090, {0x140001ae000, 0x1000, 0x1000})
	/opt/homebrew/Cellar/go/1.24.1/libexec/src/net/http/server.go:798 +0x234 fp=0x140001956c0 sp=0x14000195660 pc=0x1042e8514
bufio.(*Reader).fill(0x140001980c0)
	/opt/homebrew/Cellar/go/1.24.1/libexec/src/bufio/bufio.go:113 +0xf8 fp=0x14000195700 sp=0x140001956c0 pc=0x104290638
bufio.(*Reader).ReadSlice(0x140001980c0, 0xa)
	/opt/homebrew/Cellar/go/1.24.1/libexec/src/bufio/bufio.go:380 +0x30 fp=0x14000195750 sp=0x14000195700 pc=0x104291220
bufio.(*Reader).ReadLine(0x140001980c0)
	/opt/homebrew/Cellar/go/1.24.1/libexec/src/bufio/bufio.go:409 +0x24 fp=0x140001957a0 sp=0x14000195750 pc=0x104291454
net/textproto.(*Reader).readLineSlice(0x1400019e0c0, 0xffffffffffffffff)
	/opt/homebrew/Cellar/go/1.24.1/libexec/src/net/textproto/reader.go:64 +0x80 fp=0x14000195890 sp=0x140001957a0 pc=0x104294a10
net/textproto.(*Reader).ReadLine(...)
	/opt/homebrew/Cellar/go/1.24.1/libexec/src/net/textproto/reader.go:44
net/http.readRequest(0x140001980c0)
	/opt/homebrew/Cellar/go/1.24.1/libexec/src/net/http/request.go:1087 +0x78 fp=0x14000195a10 sp=0x14000195890 pc=0x1042fad18
net/http.(*conn).readRequest(0x140001a2000, {0x1046b2d88, 0x140001aa000})
	/opt/homebrew/Cellar/go/1.24.1/libexec/src/net/http/server.go:1048 +0x1f0 fp=0x14000195b80 sp=0x14000195a10 pc=0x1042e9040
net/http.(*conn).serve(0x140001a2000, {0x1046b2d50, 0x14000332030})
	/opt/homebrew/Cellar/go/1.24.1/libexec/src/net/http/server.go:2027 +0x30c fp=0x14000195fa0 sp=0x14000195b80 pc=0x1042ed35c
net/http.(*Server).Serve.gowrap3()
	/opt/homebrew/Cellar/go/1.24.1/libexec/src/net/http/server.go:3454 +0x30 fp=0x14000195fd0 sp=0x14000195fa0 pc=0x1042f2740
runtime.goexit({})
	/opt/homebrew/Cellar/go/1.24.1/libexec/src/runtime/asm_arm64.s:1223 +0x4 fp=0x14000195fd0 sp=0x14000195fd0 pc=0x1040c97d4
created by net/http.(*Server).Serve in goroutine 1
	/opt/homebrew/Cellar/go/1.24.1/libexec/src/net/http/server.go:3454 +0x3d8

r0      0x104
r1      0x0
r2      0x200
r3      0x0
r4      0x0
r5      0xa0
r6      0x0
r7      0x0
r8      0x16bdae2c8
r9      0x0
r10     0x0
r11     0x2
r12     0x2
r13     0x0
r14     0x0
r15     0x0
r16     0x131
r17     0x200d19500
r18     0x0
r19     0x1049b4f38
r20     0x1049b4f78
r21     0x1ffcc2220
r22     0x0
r23     0x0
r24     0x200
r25     0x201
r26     0x300
r27     0x104999000
r28     0x1049b41e0
r29     0x16bdae340
lr      0x191d6809c
sp      0x16bdae2b0
pc      0x191d293cc
fault   0x191d293cc
exit status 2
